<?xml version="1.0" encoding="UTF-8"?>
<testng-results skipped="0" failed="0" ignored="0" total="210" passed="210">
  <reporter-output>
  </reporter-output>
  <suite name="Default suite" duration-ms="339234" started-at="2019-11-23T21:30:31 CST" finished-at="2019-11-23T21:36:10 CST">
    <groups>
    </groups>
    <test name="Default test" duration-ms="339234" started-at="2019-11-23T21:30:31 CST" finished-at="2019-11-23T21:36:10 CST">
      <class name="com.yonyou.service.TestCaseService">
        <test-method status="PASS" signature="run(int, java.lang.String, java.lang.String, java.lang.String, java.lang.String, java.lang.String, java.lang.String, java.lang.String)[pri:0, instance:com.yonyou.service.TestCaseService@79924b]" name="run" duration-ms="7659" started-at="2019-11-23T21:30:31 CST" data-provider="dp" finished-at="2019-11-23T21:30:39 CST">
          <params>
            <param index="0">
              <value>
                <![CDATA[1]]>
              </value>
            </param>
            <param index="1">
              <value>
                <![CDATA[open]]>
              </value>
            </param>
            <param index="2">
              <value>
                <![CDATA[]]>
              </value>
            </param>
            <param index="3">
              <value>
                <![CDATA[]]>
              </value>
            </param>
            <param index="4">
              <value>
                <![CDATA[http://172.16.75.119:8097]]>
              </value>
            </param>
            <param index="5">
              <value>
                <![CDATA[]]>
              </value>
            </param>
            <param index="6">
              <value>
                <![CDATA[打开网页]]>
              </value>
            </param>
            <param index="7">
              <value>
                <![CDATA[fail]]>
              </value>
            </param>
          </params>
          <reporter-output>
          </reporter-output>
        </test-method> <!-- run -->
        <test-method status="PASS" signature="run(int, java.lang.String, java.lang.String, java.lang.String, java.lang.String, java.lang.String, java.lang.String, java.lang.String)[pri:0, instance:com.yonyou.service.TestCaseService@79924b]" name="run" duration-ms="2038" started-at="2019-11-23T21:30:39 CST" data-provider="dp" finished-at="2019-11-23T21:30:41 CST">
          <params>
            <param index="0">
              <value>
                <![CDATA[2]]>
              </value>
            </param>
            <param index="1">
              <value>
                <![CDATA[switch]]>
              </value>
            </param>
            <param index="2">
              <value>
                <![CDATA[]]>
              </value>
            </param>
            <param index="3">
              <value>
                <![CDATA[]]>
              </value>
            </param>
            <param index="4">
              <value>
                <![CDATA[title:大型企业数字化平台]]>
              </value>
            </param>
            <param index="5">
              <value>
                <![CDATA[]]>
              </value>
            </param>
            <param index="6">
              <value>
                <![CDATA[转换窗口：大型企业数字化平台]]>
              </value>
            </param>
            <param index="7">
              <value>
                <![CDATA[fail]]>
              </value>
            </param>
          </params>
          <reporter-output>
          </reporter-output>
        </test-method> <!-- run -->
        <test-method status="PASS" signature="run(int, java.lang.String, java.lang.String, java.lang.String, java.lang.String, java.lang.String, java.lang.String, java.lang.String)[pri:0, instance:com.yonyou.service.TestCaseService@79924b]" name="run" duration-ms="47" started-at="2019-11-23T21:30:41 CST" data-provider="dp" finished-at="2019-11-23T21:30:41 CST">
          <params>
            <param index="0">
              <value>
                <![CDATA[3]]>
              </value>
            </param>
            <param index="1">
              <value>
                <![CDATA[wait]]>
              </value>
            </param>
            <param index="2">
              <value>
                <![CDATA[xpath]]>
              </value>
            </param>
            <param index="3">
              <value>
                <![CDATA[//input[@fieldid="username"]]]>
              </value>
            </param>
            <param index="4">
              <value>
                <![CDATA[]]>
              </value>
            </param>
            <param index="5">
              <value>
                <![CDATA[]]>
              </value>
            </param>
            <param index="6">
              <value>
                <![CDATA[等待]]>
              </value>
            </param>
            <param index="7">
              <value>
                <![CDATA[fail]]>
              </value>
            </param>
          </params>
          <reporter-output>
          </reporter-output>
        </test-method> <!-- run -->
        <test-method status="PASS" signature="run(int, java.lang.String, java.lang.String, java.lang.String, java.lang.String, java.lang.String, java.lang.String, java.lang.String)[pri:0, instance:com.yonyou.service.TestCaseService@79924b]" name="run" duration-ms="2107" started-at="2019-11-23T21:30:41 CST" data-provider="dp" finished-at="2019-11-23T21:30:43 CST">
          <params>
            <param index="0">
              <value>
                <![CDATA[4]]>
              </value>
            </param>
            <param index="1">
              <value>
                <![CDATA[click]]>
              </value>
            </param>
            <param index="2">
              <value>
                <![CDATA[xpath]]>
              </value>
            </param>
            <param index="3">
              <value>
                <![CDATA[//input[@fieldid="username"]]]>
              </value>
            </param>
            <param index="4">
              <value>
                <![CDATA[]]>
              </value>
            </param>
            <param index="5">
              <value>
                <![CDATA[]]>
              </value>
            </param>
            <param index="6">
              <value>
                <![CDATA[点击输入框]]>
              </value>
            </param>
            <param index="7">
              <value>
                <![CDATA[fail]]>
              </value>
            </param>
          </params>
          <reporter-output>
          </reporter-output>
        </test-method> <!-- run -->
        <test-method status="PASS" signature="run(int, java.lang.String, java.lang.String, java.lang.String, java.lang.String, java.lang.String, java.lang.String, java.lang.String)[pri:0, instance:com.yonyou.service.TestCaseService@79924b]" name="run" duration-ms="2024" started-at="2019-11-23T21:30:43 CST" data-provider="dp" finished-at="2019-11-23T21:30:45 CST">
          <params>
            <param index="0">
              <value>
                <![CDATA[5]]>
              </value>
            </param>
            <param index="1">
              <value>
                <![CDATA[input]]>
              </value>
            </param>
            <param index="2">
              <value>
                <![CDATA[xpath]]>
              </value>
            </param>
            <param index="3">
              <value>
                <![CDATA[//input[@fieldid="username"]]]>
              </value>
            </param>
            <param index="4">
              <value>
                <![CDATA[am]]>
              </value>
            </param>
            <param index="5">
              <value>
                <![CDATA[]]>
              </value>
            </param>
            <param index="6">
              <value>
                <![CDATA[输入内容-am]]>
              </value>
            </param>
            <param index="7">
              <value>
                <![CDATA[fail]]>
              </value>
            </param>
          </params>
          <reporter-output>
          </reporter-output>
        </test-method> <!-- run -->
        <test-method status="PASS" signature="run(int, java.lang.String, java.lang.String, java.lang.String, java.lang.String, java.lang.String, java.lang.String, java.lang.String)[pri:0, instance:com.yonyou.service.TestCaseService@79924b]" name="run" duration-ms="22" started-at="2019-11-23T21:30:45 CST" data-provider="dp" finished-at="2019-11-23T21:30:45 CST">
          <params>
            <param index="0">
              <value>
                <![CDATA[6]]>
              </value>
            </param>
            <param index="1">
              <value>
                <![CDATA[wait]]>
              </value>
            </param>
            <param index="2">
              <value>
                <![CDATA[xpath]]>
              </value>
            </param>
            <param index="3">
              <value>
                <![CDATA[//input[@fieldid="password"]]]>
              </value>
            </param>
            <param index="4">
              <value>
                <![CDATA[]]>
              </value>
            </param>
            <param index="5">
              <value>
                <![CDATA[]]>
              </value>
            </param>
            <param index="6">
              <value>
                <![CDATA[等待]]>
              </value>
            </param>
            <param index="7">
              <value>
                <![CDATA[fail]]>
              </value>
            </param>
          </params>
          <reporter-output>
          </reporter-output>
        </test-method> <!-- run -->
        <test-method status="PASS" signature="run(int, java.lang.String, java.lang.String, java.lang.String, java.lang.String, java.lang.String, java.lang.String, java.lang.String)[pri:0, instance:com.yonyou.service.TestCaseService@79924b]" name="run" duration-ms="2059" started-at="2019-11-23T21:30:45 CST" data-provider="dp" finished-at="2019-11-23T21:30:47 CST">
          <params>
            <param index="0">
              <value>
                <![CDATA[7]]>
              </value>
            </param>
            <param index="1">
              <value>
                <![CDATA[click]]>
              </value>
            </param>
            <param index="2">
              <value>
                <![CDATA[xpath]]>
              </value>
            </param>
            <param index="3">
              <value>
                <![CDATA[//input[@fieldid="password"]]]>
              </value>
            </param>
            <param index="4">
              <value>
                <![CDATA[]]>
              </value>
            </param>
            <param index="5">
              <value>
                <![CDATA[]]>
              </value>
            </param>
            <param index="6">
              <value>
                <![CDATA[点击输入框]]>
              </value>
            </param>
            <param index="7">
              <value>
                <![CDATA[fail]]>
              </value>
            </param>
          </params>
          <reporter-output>
          </reporter-output>
        </test-method> <!-- run -->
        <test-method status="PASS" signature="run(int, java.lang.String, java.lang.String, java.lang.String, java.lang.String, java.lang.String, java.lang.String, java.lang.String)[pri:0, instance:com.yonyou.service.TestCaseService@79924b]" name="run" duration-ms="2033" started-at="2019-11-23T21:30:47 CST" data-provider="dp" finished-at="2019-11-23T21:30:49 CST">
          <params>
            <param index="0">
              <value>
                <![CDATA[8]]>
              </value>
            </param>
            <param index="1">
              <value>
                <![CDATA[input]]>
              </value>
            </param>
            <param index="2">
              <value>
                <![CDATA[xpath]]>
              </value>
            </param>
            <param index="3">
              <value>
                <![CDATA[//input[@fieldid="password"]]]>
              </value>
            </param>
            <param index="4">
              <value>
                <![CDATA[123456a]]>
              </value>
            </param>
            <param index="5">
              <value>
                <![CDATA[]]>
              </value>
            </param>
            <param index="6">
              <value>
                <![CDATA[输入内容-123456a]]>
              </value>
            </param>
            <param index="7">
              <value>
                <![CDATA[fail]]>
              </value>
            </param>
          </params>
          <reporter-output>
          </reporter-output>
        </test-method> <!-- run -->
        <test-method status="PASS" signature="run(int, java.lang.String, java.lang.String, java.lang.String, java.lang.String, java.lang.String, java.lang.String, java.lang.String)[pri:0, instance:com.yonyou.service.TestCaseService@79924b]" name="run" duration-ms="19" started-at="2019-11-23T21:30:49 CST" data-provider="dp" finished-at="2019-11-23T21:30:49 CST">
          <params>
            <param index="0">
              <value>
                <![CDATA[9]]>
              </value>
            </param>
            <param index="1">
              <value>
                <![CDATA[wait]]>
              </value>
            </param>
            <param index="2">
              <value>
                <![CDATA[xpath]]>
              </value>
            </param>
            <param index="3">
              <value>
                <![CDATA[//*[@fieldid="login_btn"]]]>
              </value>
            </param>
            <param index="4">
              <value>
                <![CDATA[]]>
              </value>
            </param>
            <param index="5">
              <value>
                <![CDATA[]]>
              </value>
            </param>
            <param index="6">
              <value>
                <![CDATA[等待]]>
              </value>
            </param>
            <param index="7">
              <value>
                <![CDATA[fail]]>
              </value>
            </param>
          </params>
          <reporter-output>
          </reporter-output>
        </test-method> <!-- run -->
        <test-method status="PASS" signature="run(int, java.lang.String, java.lang.String, java.lang.String, java.lang.String, java.lang.String, java.lang.String, java.lang.String)[pri:0, instance:com.yonyou.service.TestCaseService@79924b]" name="run" duration-ms="2127" started-at="2019-11-23T21:30:49 CST" data-provider="dp" finished-at="2019-11-23T21:30:51 CST">
          <params>
            <param index="0">
              <value>
                <![CDATA[10]]>
              </value>
            </param>
            <param index="1">
              <value>
                <![CDATA[click]]>
              </value>
            </param>
            <param index="2">
              <value>
                <![CDATA[xpath]]>
              </value>
            </param>
            <param index="3">
              <value>
                <![CDATA[//*[@fieldid="login_btn"]]]>
              </value>
            </param>
            <param index="4">
              <value>
                <![CDATA[]]>
              </value>
            </param>
            <param index="5">
              <value>
                <![CDATA[]]>
              </value>
            </param>
            <param index="6">
              <value>
                <![CDATA[点击]]>
              </value>
            </param>
            <param index="7">
              <value>
                <![CDATA[fail]]>
              </value>
            </param>
          </params>
          <reporter-output>
          </reporter-output>
        </test-method> <!-- run -->
        <test-method status="PASS" signature="run(int, java.lang.String, java.lang.String, java.lang.String, java.lang.String, java.lang.String, java.lang.String, java.lang.String)[pri:0, instance:com.yonyou.service.TestCaseService@79924b]" name="run" duration-ms="2930" started-at="2019-11-23T21:30:51 CST" data-provider="dp" finished-at="2019-11-23T21:30:54 CST">
          <params>
            <param index="0">
              <value>
                <![CDATA[11]]>
              </value>
            </param>
            <param index="1">
              <value>
                <![CDATA[wait]]>
              </value>
            </param>
            <param index="2">
              <value>
                <![CDATA[xpath]]>
              </value>
            </param>
            <param index="3">
              <value>
                <![CDATA[//*[@fieldid="首页_top-area"]//*[contains(@class,"nc-workbench-icon")]//*[contains(@class,"nc-workbench-icon")]]]>
              </value>
            </param>
            <param index="4">
              <value>
                <![CDATA[]]>
              </value>
            </param>
            <param index="5">
              <value>
                <![CDATA[]]>
              </value>
            </param>
            <param index="6">
              <value>
                <![CDATA[等待]]>
              </value>
            </param>
            <param index="7">
              <value>
                <![CDATA[fail]]>
              </value>
            </param>
          </params>
          <reporter-output>
          </reporter-output>
        </test-method> <!-- run -->
        <test-method status="PASS" signature="run(int, java.lang.String, java.lang.String, java.lang.String, java.lang.String, java.lang.String, java.lang.String, java.lang.String)[pri:0, instance:com.yonyou.service.TestCaseService@79924b]" name="run" duration-ms="2040" started-at="2019-11-23T21:30:54 CST" data-provider="dp" finished-at="2019-11-23T21:30:56 CST">
          <params>
            <param index="0">
              <value>
                <![CDATA[12]]>
              </value>
            </param>
            <param index="1">
              <value>
                <![CDATA[click]]>
              </value>
            </param>
            <param index="2">
              <value>
                <![CDATA[xpath]]>
              </value>
            </param>
            <param index="3">
              <value>
                <![CDATA[//*[@fieldid="首页_top-area"]//*[contains(@class,"nc-workbench-icon")]//*[contains(@class,"nc-workbench-icon")]]]>
              </value>
            </param>
            <param index="4">
              <value>
                <![CDATA[]]>
              </value>
            </param>
            <param index="5">
              <value>
                <![CDATA[]]>
              </value>
            </param>
            <param index="6">
              <value>
                <![CDATA[点击]]>
              </value>
            </param>
            <param index="7">
              <value>
                <![CDATA[fail]]>
              </value>
            </param>
          </params>
          <reporter-output>
          </reporter-output>
        </test-method> <!-- run -->
        <test-method status="PASS" signature="run(int, java.lang.String, java.lang.String, java.lang.String, java.lang.String, java.lang.String, java.lang.String, java.lang.String)[pri:0, instance:com.yonyou.service.TestCaseService@79924b]" name="run" duration-ms="531" started-at="2019-11-23T21:30:56 CST" data-provider="dp" finished-at="2019-11-23T21:30:57 CST">
          <params>
            <param index="0">
              <value>
                <![CDATA[13]]>
              </value>
            </param>
            <param index="1">
              <value>
                <![CDATA[wait]]>
              </value>
            </param>
            <param index="2">
              <value>
                <![CDATA[xpath]]>
              </value>
            </param>
            <param index="3">
              <value>
                <![CDATA[//*[@fieldid="nav-group"]//*[text()="资产基础设置"]]]>
              </value>
            </param>
            <param index="4">
              <value>
                <![CDATA[]]>
              </value>
            </param>
            <param index="5">
              <value>
                <![CDATA[]]>
              </value>
            </param>
            <param index="6">
              <value>
                <![CDATA[等待]]>
              </value>
            </param>
            <param index="7">
              <value>
                <![CDATA[fail]]>
              </value>
            </param>
          </params>
          <reporter-output>
          </reporter-output>
        </test-method> <!-- run -->
        <test-method status="PASS" signature="run(int, java.lang.String, java.lang.String, java.lang.String, java.lang.String, java.lang.String, java.lang.String, java.lang.String)[pri:0, instance:com.yonyou.service.TestCaseService@79924b]" name="run" duration-ms="2053" started-at="2019-11-23T21:30:57 CST" data-provider="dp" finished-at="2019-11-23T21:30:59 CST">
          <params>
            <param index="0">
              <value>
                <![CDATA[14]]>
              </value>
            </param>
            <param index="1">
              <value>
                <![CDATA[click]]>
              </value>
            </param>
            <param index="2">
              <value>
                <![CDATA[xpath]]>
              </value>
            </param>
            <param index="3">
              <value>
                <![CDATA[//*[@fieldid="nav-group"]//*[text()="资产基础设置"]]]>
              </value>
            </param>
            <param index="4">
              <value>
                <![CDATA[]]>
              </value>
            </param>
            <param index="5">
              <value>
                <![CDATA[]]>
              </value>
            </param>
            <param index="6">
              <value>
                <![CDATA[点击节点-资产基础设置]]>
              </value>
            </param>
            <param index="7">
              <value>
                <![CDATA[fail]]>
              </value>
            </param>
          </params>
          <reporter-output>
          </reporter-output>
        </test-method> <!-- run -->
        <test-method status="PASS" signature="run(int, java.lang.String, java.lang.String, java.lang.String, java.lang.String, java.lang.String, java.lang.String, java.lang.String)[pri:0, instance:com.yonyou.service.TestCaseService@79924b]" name="run" duration-ms="527" started-at="2019-11-23T21:30:59 CST" data-provider="dp" finished-at="2019-11-23T21:30:59 CST">
          <params>
            <param index="0">
              <value>
                <![CDATA[15]]>
              </value>
            </param>
            <param index="1">
              <value>
                <![CDATA[wait]]>
              </value>
            </param>
            <param index="2">
              <value>
                <![CDATA[xpath]]>
              </value>
            </param>
            <param index="3">
              <value>
                <![CDATA[//*[@fieldid="nav-node"]//*[text()="变动原因"]]]>
              </value>
            </param>
            <param index="4">
              <value>
                <![CDATA[]]>
              </value>
            </param>
            <param index="5">
              <value>
                <![CDATA[]]>
              </value>
            </param>
            <param index="6">
              <value>
                <![CDATA[等待]]>
              </value>
            </param>
            <param index="7">
              <value>
                <![CDATA[fail]]>
              </value>
            </param>
          </params>
          <reporter-output>
          </reporter-output>
        </test-method> <!-- run -->
        <test-method status="PASS" signature="run(int, java.lang.String, java.lang.String, java.lang.String, java.lang.String, java.lang.String, java.lang.String, java.lang.String)[pri:0, instance:com.yonyou.service.TestCaseService@79924b]" name="run" duration-ms="2035" started-at="2019-11-23T21:30:59 CST" data-provider="dp" finished-at="2019-11-23T21:31:01 CST">
          <params>
            <param index="0">
              <value>
                <![CDATA[16]]>
              </value>
            </param>
            <param index="1">
              <value>
                <![CDATA[click]]>
              </value>
            </param>
            <param index="2">
              <value>
                <![CDATA[xpath]]>
              </value>
            </param>
            <param index="3">
              <value>
                <![CDATA[//*[@fieldid="nav-node"]//*[text()="变动原因"]]]>
              </value>
            </param>
            <param index="4">
              <value>
                <![CDATA[]]>
              </value>
            </param>
            <param index="5">
              <value>
                <![CDATA[]]>
              </value>
            </param>
            <param index="6">
              <value>
                <![CDATA[点击节点-变动原因]]>
              </value>
            </param>
            <param index="7">
              <value>
                <![CDATA[fail]]>
              </value>
            </param>
          </params>
          <reporter-output>
          </reporter-output>
        </test-method> <!-- run -->
        <test-method status="PASS" signature="run(int, java.lang.String, java.lang.String, java.lang.String, java.lang.String, java.lang.String, java.lang.String, java.lang.String)[pri:0, instance:com.yonyou.service.TestCaseService@79924b]" name="run" duration-ms="6106" started-at="2019-11-23T21:31:01 CST" data-provider="dp" finished-at="2019-11-23T21:31:07 CST">
          <params>
            <param index="0">
              <value>
                <![CDATA[17]]>
              </value>
            </param>
            <param index="1">
              <value>
                <![CDATA[switch]]>
              </value>
            </param>
            <param index="2">
              <value>
                <![CDATA[]]>
              </value>
            </param>
            <param index="3">
              <value>
                <![CDATA[]]>
              </value>
            </param>
            <param index="4">
              <value>
                <![CDATA[title:变动原因]]>
              </value>
            </param>
            <param index="5">
              <value>
                <![CDATA[]]>
              </value>
            </param>
            <param index="6">
              <value>
                <![CDATA[转换窗口：变动原因]]>
              </value>
            </param>
            <param index="7">
              <value>
                <![CDATA[fail]]>
              </value>
            </param>
          </params>
          <reporter-output>
          </reporter-output>
        </test-method> <!-- run -->
        <test-method status="PASS" signature="run(int, java.lang.String, java.lang.String, java.lang.String, java.lang.String, java.lang.String, java.lang.String, java.lang.String)[pri:0, instance:com.yonyou.service.TestCaseService@79924b]" name="run" duration-ms="2023" started-at="2019-11-23T21:31:07 CST" data-provider="dp" finished-at="2019-11-23T21:31:09 CST">
          <params>
            <param index="0">
              <value>
                <![CDATA[18]]>
              </value>
            </param>
            <param index="1">
              <value>
                <![CDATA[switch]]>
              </value>
            </param>
            <param index="2">
              <value>
                <![CDATA[xpath]]>
              </value>
            </param>
            <param index="3">
              <value>
                <![CDATA[//iframe[@fieldid="main_iframe"]]]>
              </value>
            </param>
            <param index="4">
              <value>
                <![CDATA[]]>
              </value>
            </param>
            <param index="5">
              <value>
                <![CDATA[]]>
              </value>
            </param>
            <param index="6">
              <value>
                <![CDATA[进入框架内]]>
              </value>
            </param>
            <param index="7">
              <value>
                <![CDATA[fail]]>
              </value>
            </param>
          </params>
          <reporter-output>
          </reporter-output>
        </test-method> <!-- run -->
        <test-method status="PASS" signature="run(int, java.lang.String, java.lang.String, java.lang.String, java.lang.String, java.lang.String, java.lang.String, java.lang.String)[pri:0, instance:com.yonyou.service.TestCaseService@79924b]" name="run" duration-ms="22" started-at="2019-11-23T21:31:09 CST" data-provider="dp" finished-at="2019-11-23T21:31:09 CST">
          <params>
            <param index="0">
              <value>
                <![CDATA[19]]>
              </value>
            </param>
            <param index="1">
              <value>
                <![CDATA[wait]]>
              </value>
            </param>
            <param index="2">
              <value>
                <![CDATA[xpath]]>
              </value>
            </param>
            <param index="3">
              <value>
                <![CDATA[//*[@fieldid="header-area"]//*[@fieldid="Add_btn"]]]>
              </value>
            </param>
            <param index="4">
              <value>
                <![CDATA[]]>
              </value>
            </param>
            <param index="5">
              <value>
                <![CDATA[]]>
              </value>
            </param>
            <param index="6">
              <value>
                <![CDATA[等待]]>
              </value>
            </param>
            <param index="7">
              <value>
                <![CDATA[fail]]>
              </value>
            </param>
          </params>
          <reporter-output>
          </reporter-output>
        </test-method> <!-- run -->
        <test-method status="PASS" signature="run(int, java.lang.String, java.lang.String, java.lang.String, java.lang.String, java.lang.String, java.lang.String, java.lang.String)[pri:0, instance:com.yonyou.service.TestCaseService@79924b]" name="run" duration-ms="2107" started-at="2019-11-23T21:31:09 CST" data-provider="dp" finished-at="2019-11-23T21:31:11 CST">
          <params>
            <param index="0">
              <value>
                <![CDATA[20]]>
              </value>
            </param>
            <param index="1">
              <value>
                <![CDATA[click]]>
              </value>
            </param>
            <param index="2">
              <value>
                <![CDATA[xpath]]>
              </value>
            </param>
            <param index="3">
              <value>
                <![CDATA[//*[@fieldid="header-area"]//*[@fieldid="Add_btn"]]]>
              </value>
            </param>
            <param index="4">
              <value>
                <![CDATA[]]>
              </value>
            </param>
            <param index="5">
              <value>
                <![CDATA[]]>
              </value>
            </param>
            <param index="6">
              <value>
                <![CDATA[点击]]>
              </value>
            </param>
            <param index="7">
              <value>
                <![CDATA[fail]]>
              </value>
            </param>
          </params>
          <reporter-output>
          </reporter-output>
        </test-method> <!-- run -->
        <test-method status="PASS" signature="run(int, java.lang.String, java.lang.String, java.lang.String, java.lang.String, java.lang.String, java.lang.String, java.lang.String)[pri:0, instance:com.yonyou.service.TestCaseService@79924b]" name="run" duration-ms="0" started-at="2019-11-23T21:31:11 CST" data-provider="dp" finished-at="2019-11-23T21:31:11 CST">
          <params>
            <param index="0">
              <value>
                <![CDATA[21]]>
              </value>
            </param>
            <param index="1">
              <value>
                <![CDATA[]]>
              </value>
            </param>
            <param index="2">
              <value>
                <![CDATA[]]>
              </value>
            </param>
            <param index="3">
              <value>
                <![CDATA[]]>
              </value>
            </param>
            <param index="4">
              <value>
                <![CDATA[]]>
              </value>
            </param>
            <param index="5">
              <value>
                <![CDATA[]]>
              </value>
            </param>
            <param index="6">
              <value>
                <![CDATA[]]>
              </value>
            </param>
            <param index="7">
              <value>
                <![CDATA[fail]]>
              </value>
            </param>
          </params>
          <reporter-output>
          </reporter-output>
        </test-method> <!-- run -->
        <test-method status="PASS" signature="run(int, java.lang.String, java.lang.String, java.lang.String, java.lang.String, java.lang.String, java.lang.String, java.lang.String)[pri:0, instance:com.yonyou.service.TestCaseService@79924b]" name="run" duration-ms="24" started-at="2019-11-23T21:31:11 CST" data-provider="dp" finished-at="2019-11-23T21:31:11 CST">
          <params>
            <param index="0">
              <value>
                <![CDATA[22]]>
              </value>
            </param>
            <param index="1">
              <value>
                <![CDATA[wait]]>
              </value>
            </param>
            <param index="2">
              <value>
                <![CDATA[xpath]]>
              </value>
            </param>
            <param index="3">
              <value>
                <![CDATA[//*[@fieldid="list_head_table"]//*[contains(@class,"table-body")]//tr[2]//*[@fieldid="reason_code"]//*[@fieldid="reason_code"]//input]]>
              </value>
            </param>
            <param index="4">
              <value>
                <![CDATA[]]>
              </value>
            </param>
            <param index="5">
              <value>
                <![CDATA[]]>
              </value>
            </param>
            <param index="6">
              <value>
                <![CDATA[等待]]>
              </value>
            </param>
            <param index="7">
              <value>
                <![CDATA[fail]]>
              </value>
            </param>
          </params>
          <reporter-output>
          </reporter-output>
        </test-method> <!-- run -->
        <test-method status="PASS" signature="run(int, java.lang.String, java.lang.String, java.lang.String, java.lang.String, java.lang.String, java.lang.String, java.lang.String)[pri:0, instance:com.yonyou.service.TestCaseService@79924b]" name="run" duration-ms="2052" started-at="2019-11-23T21:31:11 CST" data-provider="dp" finished-at="2019-11-23T21:31:13 CST">
          <params>
            <param index="0">
              <value>
                <![CDATA[23]]>
              </value>
            </param>
            <param index="1">
              <value>
                <![CDATA[click]]>
              </value>
            </param>
            <param index="2">
              <value>
                <![CDATA[xpath]]>
              </value>
            </param>
            <param index="3">
              <value>
                <![CDATA[//*[@fieldid="list_head_table"]//*[contains(@class,"table-body")]//tr[2]//*[@fieldid="reason_code"]//*[@fieldid="reason_code"]//input]]>
              </value>
            </param>
            <param index="4">
              <value>
                <![CDATA[]]>
              </value>
            </param>
            <param index="5">
              <value>
                <![CDATA[]]>
              </value>
            </param>
            <param index="6">
              <value>
                <![CDATA[点击输入框]]>
              </value>
            </param>
            <param index="7">
              <value>
                <![CDATA[fail]]>
              </value>
            </param>
          </params>
          <reporter-output>
          </reporter-output>
        </test-method> <!-- run -->
        <test-method status="PASS" signature="run(int, java.lang.String, java.lang.String, java.lang.String, java.lang.String, java.lang.String, java.lang.String, java.lang.String)[pri:0, instance:com.yonyou.service.TestCaseService@79924b]" name="run" duration-ms="2047" started-at="2019-11-23T21:31:13 CST" data-provider="dp" finished-at="2019-11-23T21:31:16 CST">
          <params>
            <param index="0">
              <value>
                <![CDATA[24]]>
              </value>
            </param>
            <param index="1">
              <value>
                <![CDATA[input]]>
              </value>
            </param>
            <param index="2">
              <value>
                <![CDATA[xpath]]>
              </value>
            </param>
            <param index="3">
              <value>
                <![CDATA[//*[@fieldid="list_head_table"]//*[contains(@class,"table-body")]//tr[2]//*[@fieldid="reason_code"]//*[@fieldid="reason_code"]//input]]>
              </value>
            </param>
            <param index="4">
              <value>
                <![CDATA[02]]>
              </value>
            </param>
            <param index="5">
              <value>
                <![CDATA[]]>
              </value>
            </param>
            <param index="6">
              <value>
                <![CDATA[输入内容-02]]>
              </value>
            </param>
            <param index="7">
              <value>
                <![CDATA[fail]]>
              </value>
            </param>
          </params>
          <reporter-output>
          </reporter-output>
        </test-method> <!-- run -->
        <test-method status="PASS" signature="run(int, java.lang.String, java.lang.String, java.lang.String, java.lang.String, java.lang.String, java.lang.String, java.lang.String)[pri:0, instance:com.yonyou.service.TestCaseService@79924b]" name="run" duration-ms="19" started-at="2019-11-23T21:31:16 CST" data-provider="dp" finished-at="2019-11-23T21:31:16 CST">
          <params>
            <param index="0">
              <value>
                <![CDATA[25]]>
              </value>
            </param>
            <param index="1">
              <value>
                <![CDATA[wait]]>
              </value>
            </param>
            <param index="2">
              <value>
                <![CDATA[xpath]]>
              </value>
            </param>
            <param index="3">
              <value>
                <![CDATA[//*[@fieldid="list_head_table"]//*[contains(@class,"table-body")]//tr[2]//*[@fieldid="reason_name"]]]>
              </value>
            </param>
            <param index="4">
              <value>
                <![CDATA[]]>
              </value>
            </param>
            <param index="5">
              <value>
                <![CDATA[]]>
              </value>
            </param>
            <param index="6">
              <value>
                <![CDATA[等待]]>
              </value>
            </param>
            <param index="7">
              <value>
                <![CDATA[fail]]>
              </value>
            </param>
          </params>
          <reporter-output>
          </reporter-output>
        </test-method> <!-- run -->
        <test-method status="PASS" signature="run(int, java.lang.String, java.lang.String, java.lang.String, java.lang.String, java.lang.String, java.lang.String, java.lang.String)[pri:0, instance:com.yonyou.service.TestCaseService@79924b]" name="run" duration-ms="2081" started-at="2019-11-23T21:31:16 CST" data-provider="dp" finished-at="2019-11-23T21:31:18 CST">
          <params>
            <param index="0">
              <value>
                <![CDATA[26]]>
              </value>
            </param>
            <param index="1">
              <value>
                <![CDATA[click]]>
              </value>
            </param>
            <param index="2">
              <value>
                <![CDATA[xpath]]>
              </value>
            </param>
            <param index="3">
              <value>
                <![CDATA[//*[@fieldid="list_head_table"]//*[contains(@class,"table-body")]//tr[2]//*[@fieldid="reason_name"]]]>
              </value>
            </param>
            <param index="4">
              <value>
                <![CDATA[]]>
              </value>
            </param>
            <param index="5">
              <value>
                <![CDATA[]]>
              </value>
            </param>
            <param index="6">
              <value>
                <![CDATA[点击]]>
              </value>
            </param>
            <param index="7">
              <value>
                <![CDATA[fail]]>
              </value>
            </param>
          </params>
          <reporter-output>
          </reporter-output>
        </test-method> <!-- run -->
        <test-method status="PASS" signature="run(int, java.lang.String, java.lang.String, java.lang.String, java.lang.String, java.lang.String, java.lang.String, java.lang.String)[pri:0, instance:com.yonyou.service.TestCaseService@79924b]" name="run" duration-ms="59" started-at="2019-11-23T21:31:18 CST" data-provider="dp" finished-at="2019-11-23T21:31:18 CST">
          <params>
            <param index="0">
              <value>
                <![CDATA[27]]>
              </value>
            </param>
            <param index="1">
              <value>
                <![CDATA[wait]]>
              </value>
            </param>
            <param index="2">
              <value>
                <![CDATA[xpath]]>
              </value>
            </param>
            <param index="3">
              <value>
                <![CDATA[//*[@fieldid="list_head_table"]//*[contains(@class,"table-body")]//tr[2]//*[@fieldid="reason_name"]//*[@fieldid="reason_name"]//input]]>
              </value>
            </param>
            <param index="4">
              <value>
                <![CDATA[]]>
              </value>
            </param>
            <param index="5">
              <value>
                <![CDATA[]]>
              </value>
            </param>
            <param index="6">
              <value>
                <![CDATA[等待]]>
              </value>
            </param>
            <param index="7">
              <value>
                <![CDATA[fail]]>
              </value>
            </param>
          </params>
          <reporter-output>
          </reporter-output>
        </test-method> <!-- run -->
        <test-method status="PASS" signature="run(int, java.lang.String, java.lang.String, java.lang.String, java.lang.String, java.lang.String, java.lang.String, java.lang.String)[pri:0, instance:com.yonyou.service.TestCaseService@79924b]" name="run" duration-ms="2070" started-at="2019-11-23T21:31:18 CST" data-provider="dp" finished-at="2019-11-23T21:31:20 CST">
          <params>
            <param index="0">
              <value>
                <![CDATA[28]]>
              </value>
            </param>
            <param index="1">
              <value>
                <![CDATA[click]]>
              </value>
            </param>
            <param index="2">
              <value>
                <![CDATA[xpath]]>
              </value>
            </param>
            <param index="3">
              <value>
                <![CDATA[//*[@fieldid="list_head_table"]//*[contains(@class,"table-body")]//tr[2]//*[@fieldid="reason_name"]//*[@fieldid="reason_name"]//input]]>
              </value>
            </param>
            <param index="4">
              <value>
                <![CDATA[]]>
              </value>
            </param>
            <param index="5">
              <value>
                <![CDATA[]]>
              </value>
            </param>
            <param index="6">
              <value>
                <![CDATA[点击输入框]]>
              </value>
            </param>
            <param index="7">
              <value>
                <![CDATA[fail]]>
              </value>
            </param>
          </params>
          <reporter-output>
          </reporter-output>
        </test-method> <!-- run -->
        <test-method status="PASS" signature="run(int, java.lang.String, java.lang.String, java.lang.String, java.lang.String, java.lang.String, java.lang.String, java.lang.String)[pri:0, instance:com.yonyou.service.TestCaseService@79924b]" name="run" duration-ms="2118" started-at="2019-11-23T21:31:20 CST" data-provider="dp" finished-at="2019-11-23T21:31:22 CST">
          <params>
            <param index="0">
              <value>
                <![CDATA[29]]>
              </value>
            </param>
            <param index="1">
              <value>
                <![CDATA[input]]>
              </value>
            </param>
            <param index="2">
              <value>
                <![CDATA[xpath]]>
              </value>
            </param>
            <param index="3">
              <value>
                <![CDATA[//*[@fieldid="list_head_table"]//*[contains(@class,"table-body")]//tr[2]//*[@fieldid="reason_name"]//*[@fieldid="reason_name"]//input]]>
              </value>
            </param>
            <param index="4">
              <value>
                <![CDATA[自动化测试]]>
              </value>
            </param>
            <param index="5">
              <value>
                <![CDATA[]]>
              </value>
            </param>
            <param index="6">
              <value>
                <![CDATA[输入内容-自动化测试]]>
              </value>
            </param>
            <param index="7">
              <value>
                <![CDATA[fail]]>
              </value>
            </param>
          </params>
          <reporter-output>
          </reporter-output>
        </test-method> <!-- run -->
        <test-method status="PASS" signature="run(int, java.lang.String, java.lang.String, java.lang.String, java.lang.String, java.lang.String, java.lang.String, java.lang.String)[pri:0, instance:com.yonyou.service.TestCaseService@79924b]" name="run" duration-ms="2069" started-at="2019-11-23T21:31:22 CST" data-provider="dp" finished-at="2019-11-23T21:31:24 CST">
          <params>
            <param index="0">
              <value>
                <![CDATA[30]]>
              </value>
            </param>
            <param index="1">
              <value>
                <![CDATA[switch]]>
              </value>
            </param>
            <param index="2">
              <value>
                <![CDATA[]]>
              </value>
            </param>
            <param index="3">
              <value>
                <![CDATA[]]>
              </value>
            </param>
            <param index="4">
              <value>
                <![CDATA[title:变动原因]]>
              </value>
            </param>
            <param index="5">
              <value>
                <![CDATA[]]>
              </value>
            </param>
            <param index="6">
              <value>
                <![CDATA[转换窗口：变动原因]]>
              </value>
            </param>
            <param index="7">
              <value>
                <![CDATA[fail]]>
              </value>
            </param>
          </params>
          <reporter-output>
          </reporter-output>
        </test-method> <!-- run -->
        <test-method status="PASS" signature="run(int, java.lang.String, java.lang.String, java.lang.String, java.lang.String, java.lang.String, java.lang.String, java.lang.String)[pri:0, instance:com.yonyou.service.TestCaseService@79924b]" name="run" duration-ms="2053" started-at="2019-11-23T21:31:24 CST" data-provider="dp" finished-at="2019-11-23T21:31:26 CST">
          <params>
            <param index="0">
              <value>
                <![CDATA[31]]>
              </value>
            </param>
            <param index="1">
              <value>
                <![CDATA[click]]>
              </value>
            </param>
            <param index="2">
              <value>
                <![CDATA[xpath]]>
              </value>
            </param>
            <param index="3">
              <value>
                <![CDATA[//*[@fieldid="变动原因_top-area"]//*[contains(@class,"icon-luzhi1")]]]>
              </value>
            </param>
            <param index="4">
              <value>
                <![CDATA[]]>
              </value>
            </param>
            <param index="5">
              <value>
                <![CDATA[]]>
              </value>
            </param>
            <param index="6">
              <value>
                <![CDATA[]]>
              </value>
            </param>
            <param index="7">
              <value>
                <![CDATA[fail]]>
              </value>
            </param>
          </params>
          <reporter-output>
          </reporter-output>
        </test-method> <!-- run -->
        <test-method status="PASS" signature="run(int, java.lang.String, java.lang.String, java.lang.String, java.lang.String, java.lang.String, java.lang.String, java.lang.String)[pri:0, instance:com.yonyou.service.TestCaseService@79924b]" name="run" duration-ms="2024" started-at="2019-11-23T21:31:26 CST" data-provider="dp" finished-at="2019-11-23T21:31:28 CST">
          <params>
            <param index="0">
              <value>
                <![CDATA[32]]>
              </value>
            </param>
            <param index="1">
              <value>
                <![CDATA[switch]]>
              </value>
            </param>
            <param index="2">
              <value>
                <![CDATA[xpath]]>
              </value>
            </param>
            <param index="3">
              <value>
                <![CDATA[//iframe[@fieldid="main_iframe"]]]>
              </value>
            </param>
            <param index="4">
              <value>
                <![CDATA[]]>
              </value>
            </param>
            <param index="5">
              <value>
                <![CDATA[]]>
              </value>
            </param>
            <param index="6">
              <value>
                <![CDATA[进入框架内]]>
              </value>
            </param>
            <param index="7">
              <value>
                <![CDATA[fail]]>
              </value>
            </param>
          </params>
          <reporter-output>
          </reporter-output>
        </test-method> <!-- run -->
        <test-method status="PASS" signature="run(int, java.lang.String, java.lang.String, java.lang.String, java.lang.String, java.lang.String, java.lang.String, java.lang.String)[pri:0, instance:com.yonyou.service.TestCaseService@79924b]" name="run" duration-ms="17" started-at="2019-11-23T21:31:28 CST" data-provider="dp" finished-at="2019-11-23T21:31:28 CST">
          <params>
            <param index="0">
              <value>
                <![CDATA[33]]>
              </value>
            </param>
            <param index="1">
              <value>
                <![CDATA[wait]]>
              </value>
            </param>
            <param index="2">
              <value>
                <![CDATA[xpath]]>
              </value>
            </param>
            <param index="3">
              <value>
                <![CDATA[//*[@fieldid="header-area"]//*[@fieldid="Save_btn"]]]>
              </value>
            </param>
            <param index="4">
              <value>
                <![CDATA[]]>
              </value>
            </param>
            <param index="5">
              <value>
                <![CDATA[]]>
              </value>
            </param>
            <param index="6">
              <value>
                <![CDATA[等待]]>
              </value>
            </param>
            <param index="7">
              <value>
                <![CDATA[fail]]>
              </value>
            </param>
          </params>
          <reporter-output>
          </reporter-output>
        </test-method> <!-- run -->
        <test-method status="PASS" signature="run(int, java.lang.String, java.lang.String, java.lang.String, java.lang.String, java.lang.String, java.lang.String, java.lang.String)[pri:0, instance:com.yonyou.service.TestCaseService@79924b]" name="run" duration-ms="2093" started-at="2019-11-23T21:31:28 CST" data-provider="dp" finished-at="2019-11-23T21:31:30 CST">
          <params>
            <param index="0">
              <value>
                <![CDATA[34]]>
              </value>
            </param>
            <param index="1">
              <value>
                <![CDATA[click]]>
              </value>
            </param>
            <param index="2">
              <value>
                <![CDATA[xpath]]>
              </value>
            </param>
            <param index="3">
              <value>
                <![CDATA[//*[@fieldid="header-area"]//*[@fieldid="Save_btn"]]]>
              </value>
            </param>
            <param index="4">
              <value>
                <![CDATA[]]>
              </value>
            </param>
            <param index="5">
              <value>
                <![CDATA[]]>
              </value>
            </param>
            <param index="6">
              <value>
                <![CDATA[点击]]>
              </value>
            </param>
            <param index="7">
              <value>
                <![CDATA[fail]]>
              </value>
            </param>
          </params>
          <reporter-output>
          </reporter-output>
        </test-method> <!-- run -->
        <test-method status="PASS" signature="run(int, java.lang.String, java.lang.String, java.lang.String, java.lang.String, java.lang.String, java.lang.String, java.lang.String)[pri:0, instance:com.yonyou.service.TestCaseService@79924b]" name="run" duration-ms="1051" started-at="2019-11-23T21:31:30 CST" data-provider="dp" finished-at="2019-11-23T21:31:31 CST">
          <params>
            <param index="0">
              <value>
                <![CDATA[35]]>
              </value>
            </param>
            <param index="1">
              <value>
                <![CDATA[wait]]>
              </value>
            </param>
            <param index="2">
              <value>
                <![CDATA[xpath]]>
              </value>
            </param>
            <param index="3">
              <value>
                <![CDATA[//*[@fieldid="tips-window"]//*[text()="保存成功"]]]>
              </value>
            </param>
            <param index="4">
              <value>
                <![CDATA[]]>
              </value>
            </param>
            <param index="5">
              <value>
                <![CDATA[]]>
              </value>
            </param>
            <param index="6">
              <value>
                <![CDATA[等待]]>
              </value>
            </param>
            <param index="7">
              <value>
                <![CDATA[fail]]>
              </value>
            </param>
          </params>
          <reporter-output>
          </reporter-output>
        </test-method> <!-- run -->
        <test-method status="PASS" signature="run(int, java.lang.String, java.lang.String, java.lang.String, java.lang.String, java.lang.String, java.lang.String, java.lang.String)[pri:0, instance:com.yonyou.service.TestCaseService@79924b]" name="run" duration-ms="1015" started-at="2019-11-23T21:31:31 CST" data-provider="dp" finished-at="2019-11-23T21:31:32 CST">
          <params>
            <param index="0">
              <value>
                <![CDATA[36]]>
              </value>
            </param>
            <param index="1">
              <value>
                <![CDATA[checkpoint]]>
              </value>
            </param>
            <param index="2">
              <value>
                <![CDATA[xpath]]>
              </value>
            </param>
            <param index="3">
              <value>
                <![CDATA[//*[@fieldid="tips-window"]//*[text()="保存成功"]]]>
              </value>
            </param>
            <param index="4">
              <value>
                <![CDATA[保存成功]]>
              </value>
            </param>
            <param index="5">
              <value>
                <![CDATA[]]>
              </value>
            </param>
            <param index="6">
              <value>
                <![CDATA[设置检查点]]>
              </value>
            </param>
            <param index="7">
              <value>
                <![CDATA[fail]]>
              </value>
            </param>
          </params>
          <reporter-output>
          </reporter-output>
        </test-method> <!-- run -->
        <test-method status="PASS" signature="run(int, java.lang.String, java.lang.String, java.lang.String, java.lang.String, java.lang.String, java.lang.String, java.lang.String)[pri:0, instance:com.yonyou.service.TestCaseService@79924b]" name="run" duration-ms="2052" started-at="2019-11-23T21:31:32 CST" data-provider="dp" finished-at="2019-11-23T21:31:34 CST">
          <params>
            <param index="0">
              <value>
                <![CDATA[37]]>
              </value>
            </param>
            <param index="1">
              <value>
                <![CDATA[switch]]>
              </value>
            </param>
            <param index="2">
              <value>
                <![CDATA[]]>
              </value>
            </param>
            <param index="3">
              <value>
                <![CDATA[]]>
              </value>
            </param>
            <param index="4">
              <value>
                <![CDATA[title:变动原因]]>
              </value>
            </param>
            <param index="5">
              <value>
                <![CDATA[]]>
              </value>
            </param>
            <param index="6">
              <value>
                <![CDATA[转换窗口：变动原因]]>
              </value>
            </param>
            <param index="7">
              <value>
                <![CDATA[fail]]>
              </value>
            </param>
          </params>
          <reporter-output>
          </reporter-output>
        </test-method> <!-- run -->
        <test-method status="PASS" signature="run(int, java.lang.String, java.lang.String, java.lang.String, java.lang.String, java.lang.String, java.lang.String, java.lang.String)[pri:0, instance:com.yonyou.service.TestCaseService@79924b]" name="run" duration-ms="2062" started-at="2019-11-23T21:31:34 CST" data-provider="dp" finished-at="2019-11-23T21:31:36 CST">
          <params>
            <param index="0">
              <value>
                <![CDATA[38]]>
              </value>
            </param>
            <param index="1">
              <value>
                <![CDATA[click]]>
              </value>
            </param>
            <param index="2">
              <value>
                <![CDATA[xpath]]>
              </value>
            </param>
            <param index="3">
              <value>
                <![CDATA[//*[@id="app"]/div/div[1]/nav/div[2]/div/div[1]/div[3]/div/div/img]]>
              </value>
            </param>
            <param index="4">
              <value>
                <![CDATA[]]>
              </value>
            </param>
            <param index="5">
              <value>
                <![CDATA[]]>
              </value>
            </param>
            <param index="6">
              <value>
                <![CDATA[]]>
              </value>
            </param>
            <param index="7">
              <value>
                <![CDATA[fail]]>
              </value>
            </param>
          </params>
          <reporter-output>
          </reporter-output>
        </test-method> <!-- run -->
        <test-method status="PASS" signature="run(int, java.lang.String, java.lang.String, java.lang.String, java.lang.String, java.lang.String, java.lang.String, java.lang.String)[pri:0, instance:com.yonyou.service.TestCaseService@79924b]" name="run" duration-ms="6143" started-at="2019-11-23T21:31:36 CST" data-provider="dp" finished-at="2019-11-23T21:31:42 CST">
          <params>
            <param index="0">
              <value>
                <![CDATA[39]]>
              </value>
            </param>
            <param index="1">
              <value>
                <![CDATA[switch]]>
              </value>
            </param>
            <param index="2">
              <value>
                <![CDATA[]]>
              </value>
            </param>
            <param index="3">
              <value>
                <![CDATA[]]>
              </value>
            </param>
            <param index="4">
              <value>
                <![CDATA[title:SPR-变动原因-保存]]>
              </value>
            </param>
            <param index="5">
              <value>
                <![CDATA[]]>
              </value>
            </param>
            <param index="6">
              <value>
                <![CDATA[转换窗口：变动原因]]>
              </value>
            </param>
            <param index="7">
              <value>
                <![CDATA[fail]]>
              </value>
            </param>
          </params>
          <reporter-output>
          </reporter-output>
        </test-method> <!-- run -->
        <test-method status="PASS" signature="run(int, java.lang.String, java.lang.String, java.lang.String, java.lang.String, java.lang.String, java.lang.String, java.lang.String)[pri:0, instance:com.yonyou.service.TestCaseService@79924b]" name="run" duration-ms="77" started-at="2019-11-23T21:31:42 CST" data-provider="dp" finished-at="2019-11-23T21:31:43 CST">
          <params>
            <param index="0">
              <value>
                <![CDATA[40]]>
              </value>
            </param>
            <param index="1">
              <value>
                <![CDATA[write]]>
              </value>
            </param>
            <param index="2">
              <value>
                <![CDATA[]]>
              </value>
            </param>
            <param index="3">
              <value>
                <![CDATA[]]>
              </value>
            </param>
            <param index="4">
              <value>
                <![CDATA[变动原因保存]]>
              </value>
            </param>
            <param index="5">
              <value>
                <![CDATA[]]>
              </value>
            </param>
            <param index="6">
              <value>
                <![CDATA[]]>
              </value>
            </param>
            <param index="7">
              <value>
                <![CDATA[fail]]>
              </value>
            </param>
          </params>
          <reporter-output>
          </reporter-output>
        </test-method> <!-- run -->
        <test-method status="PASS" signature="run(int, java.lang.String, java.lang.String, java.lang.String, java.lang.String, java.lang.String, java.lang.String, java.lang.String)[pri:0, instance:com.yonyou.service.TestCaseService@79924b]" name="run" duration-ms="16" started-at="2019-11-23T21:31:43 CST" data-provider="dp" finished-at="2019-11-23T21:31:43 CST">
          <params>
            <param index="0">
              <value>
                <![CDATA[41]]>
              </value>
            </param>
            <param index="1">
              <value>
                <![CDATA[close]]>
              </value>
            </param>
            <param index="2">
              <value>
                <![CDATA[]]>
              </value>
            </param>
            <param index="3">
              <value>
                <![CDATA[]]>
              </value>
            </param>
            <param index="4">
              <value>
                <![CDATA[]]>
              </value>
            </param>
            <param index="5">
              <value>
                <![CDATA[]]>
              </value>
            </param>
            <param index="6">
              <value>
                <![CDATA[]]>
              </value>
            </param>
            <param index="7">
              <value>
                <![CDATA[fail]]>
              </value>
            </param>
          </params>
          <reporter-output>
          </reporter-output>
        </test-method> <!-- run -->
        <test-method status="PASS" signature="run(int, java.lang.String, java.lang.String, java.lang.String, java.lang.String, java.lang.String, java.lang.String, java.lang.String)[pri:0, instance:com.yonyou.service.TestCaseService@79924b]" name="run" duration-ms="2031" started-at="2019-11-23T21:31:43 CST" data-provider="dp" finished-at="2019-11-23T21:31:45 CST">
          <params>
            <param index="0">
              <value>
                <![CDATA[42]]>
              </value>
            </param>
            <param index="1">
              <value>
                <![CDATA[switch]]>
              </value>
            </param>
            <param index="2">
              <value>
                <![CDATA[]]>
              </value>
            </param>
            <param index="3">
              <value>
                <![CDATA[]]>
              </value>
            </param>
            <param index="4">
              <value>
                <![CDATA[title:变动原因]]>
              </value>
            </param>
            <param index="5">
              <value>
                <![CDATA[]]>
              </value>
            </param>
            <param index="6">
              <value>
                <![CDATA[转换窗口：变动原因]]>
              </value>
            </param>
            <param index="7">
              <value>
                <![CDATA[fail]]>
              </value>
            </param>
          </params>
          <reporter-output>
          </reporter-output>
        </test-method> <!-- run -->
        <test-method status="PASS" signature="run(int, java.lang.String, java.lang.String, java.lang.String, java.lang.String, java.lang.String, java.lang.String, java.lang.String)[pri:0, instance:com.yonyou.service.TestCaseService@79924b]" name="run" duration-ms="2017" started-at="2019-11-23T21:31:45 CST" data-provider="dp" finished-at="2019-11-23T21:31:47 CST">
          <params>
            <param index="0">
              <value>
                <![CDATA[43]]>
              </value>
            </param>
            <param index="1">
              <value>
                <![CDATA[switch]]>
              </value>
            </param>
            <param index="2">
              <value>
                <![CDATA[xpath]]>
              </value>
            </param>
            <param index="3">
              <value>
                <![CDATA[//iframe[@fieldid="main_iframe"]]]>
              </value>
            </param>
            <param index="4">
              <value>
                <![CDATA[]]>
              </value>
            </param>
            <param index="5">
              <value>
                <![CDATA[]]>
              </value>
            </param>
            <param index="6">
              <value>
                <![CDATA[进入框架内]]>
              </value>
            </param>
            <param index="7">
              <value>
                <![CDATA[fail]]>
              </value>
            </param>
          </params>
          <reporter-output>
          </reporter-output>
        </test-method> <!-- run -->
        <test-method status="PASS" signature="run(int, java.lang.String, java.lang.String, java.lang.String, java.lang.String, java.lang.String, java.lang.String, java.lang.String)[pri:0, instance:com.yonyou.service.TestCaseService@79924b]" name="run" duration-ms="17" started-at="2019-11-23T21:31:47 CST" data-provider="dp" finished-at="2019-11-23T21:31:47 CST">
          <params>
            <param index="0">
              <value>
                <![CDATA[44]]>
              </value>
            </param>
            <param index="1">
              <value>
                <![CDATA[wait]]>
              </value>
            </param>
            <param index="2">
              <value>
                <![CDATA[xpath]]>
              </value>
            </param>
            <param index="3">
              <value>
                <![CDATA[//*[@fieldid="list_head_table"]//*[contains(@class,"table-body")]//table//tr//*[@fieldid="enablestate"]//*[contains(@class,"u-switch")]]]>
              </value>
            </param>
            <param index="4">
              <value>
                <![CDATA[]]>
              </value>
            </param>
            <param index="5">
              <value>
                <![CDATA[]]>
              </value>
            </param>
            <param index="6">
              <value>
                <![CDATA[等待]]>
              </value>
            </param>
            <param index="7">
              <value>
                <![CDATA[fail]]>
              </value>
            </param>
          </params>
          <reporter-output>
          </reporter-output>
        </test-method> <!-- run -->
        <test-method status="PASS" signature="run(int, java.lang.String, java.lang.String, java.lang.String, java.lang.String, java.lang.String, java.lang.String, java.lang.String)[pri:0, instance:com.yonyou.service.TestCaseService@79924b]" name="run" duration-ms="2074" started-at="2019-11-23T21:31:47 CST" data-provider="dp" finished-at="2019-11-23T21:31:49 CST">
          <params>
            <param index="0">
              <value>
                <![CDATA[45]]>
              </value>
            </param>
            <param index="1">
              <value>
                <![CDATA[click]]>
              </value>
            </param>
            <param index="2">
              <value>
                <![CDATA[xpath]]>
              </value>
            </param>
            <param index="3">
              <value>
                <![CDATA[//*[@fieldid="list_head_table"]//*[contains(@class,"table-body")]//table//tr//*[@fieldid="enablestate"]//*[contains(@class,"u-switch")]]]>
              </value>
            </param>
            <param index="4">
              <value>
                <![CDATA[]]>
              </value>
            </param>
            <param index="5">
              <value>
                <![CDATA[]]>
              </value>
            </param>
            <param index="6">
              <value>
                <![CDATA[点击]]>
              </value>
            </param>
            <param index="7">
              <value>
                <![CDATA[fail]]>
              </value>
            </param>
          </params>
          <reporter-output>
          </reporter-output>
        </test-method> <!-- run -->
        <test-method status="PASS" signature="run(int, java.lang.String, java.lang.String, java.lang.String, java.lang.String, java.lang.String, java.lang.String, java.lang.String)[pri:0, instance:com.yonyou.service.TestCaseService@79924b]" name="run" duration-ms="19" started-at="2019-11-23T21:31:49 CST" data-provider="dp" finished-at="2019-11-23T21:31:49 CST">
          <params>
            <param index="0">
              <value>
                <![CDATA[46]]>
              </value>
            </param>
            <param index="1">
              <value>
                <![CDATA[wait]]>
              </value>
            </param>
            <param index="2">
              <value>
                <![CDATA[xpath]]>
              </value>
            </param>
            <param index="3">
              <value>
                <![CDATA[//*[@fieldid="tips-window"]//*[@fieldid="confirm_btn"]//*[text()="确定"]]]>
              </value>
            </param>
            <param index="4">
              <value>
                <![CDATA[]]>
              </value>
            </param>
            <param index="5">
              <value>
                <![CDATA[]]>
              </value>
            </param>
            <param index="6">
              <value>
                <![CDATA[等待]]>
              </value>
            </param>
            <param index="7">
              <value>
                <![CDATA[fail]]>
              </value>
            </param>
          </params>
          <reporter-output>
          </reporter-output>
        </test-method> <!-- run -->
        <test-method status="PASS" signature="run(int, java.lang.String, java.lang.String, java.lang.String, java.lang.String, java.lang.String, java.lang.String, java.lang.String)[pri:0, instance:com.yonyou.service.TestCaseService@79924b]" name="run" duration-ms="2066" started-at="2019-11-23T21:31:49 CST" data-provider="dp" finished-at="2019-11-23T21:31:51 CST">
          <params>
            <param index="0">
              <value>
                <![CDATA[47]]>
              </value>
            </param>
            <param index="1">
              <value>
                <![CDATA[click]]>
              </value>
            </param>
            <param index="2">
              <value>
                <![CDATA[xpath]]>
              </value>
            </param>
            <param index="3">
              <value>
                <![CDATA[//*[@fieldid="tips-window"]//*[@fieldid="confirm_btn"]//*[text()="确定"]]]>
              </value>
            </param>
            <param index="4">
              <value>
                <![CDATA[]]>
              </value>
            </param>
            <param index="5">
              <value>
                <![CDATA[]]>
              </value>
            </param>
            <param index="6">
              <value>
                <![CDATA[点击节点-确定]]>
              </value>
            </param>
            <param index="7">
              <value>
                <![CDATA[fail]]>
              </value>
            </param>
          </params>
          <reporter-output>
          </reporter-output>
        </test-method> <!-- run -->
        <test-method status="PASS" signature="run(int, java.lang.String, java.lang.String, java.lang.String, java.lang.String, java.lang.String, java.lang.String, java.lang.String)[pri:0, instance:com.yonyou.service.TestCaseService@79924b]" name="run" duration-ms="556" started-at="2019-11-23T21:31:51 CST" data-provider="dp" finished-at="2019-11-23T21:31:51 CST">
          <params>
            <param index="0">
              <value>
                <![CDATA[48]]>
              </value>
            </param>
            <param index="1">
              <value>
                <![CDATA[wait]]>
              </value>
            </param>
            <param index="2">
              <value>
                <![CDATA[xpath]]>
              </value>
            </param>
            <param index="3">
              <value>
                <![CDATA[//*[@fieldid="tips-window"]//*[text()="停用成功"]]]>
              </value>
            </param>
            <param index="4">
              <value>
                <![CDATA[]]>
              </value>
            </param>
            <param index="5">
              <value>
                <![CDATA[]]>
              </value>
            </param>
            <param index="6">
              <value>
                <![CDATA[等待]]>
              </value>
            </param>
            <param index="7">
              <value>
                <![CDATA[fail]]>
              </value>
            </param>
          </params>
          <reporter-output>
          </reporter-output>
        </test-method> <!-- run -->
        <test-method status="PASS" signature="run(int, java.lang.String, java.lang.String, java.lang.String, java.lang.String, java.lang.String, java.lang.String, java.lang.String)[pri:0, instance:com.yonyou.service.TestCaseService@79924b]" name="run" duration-ms="1015" started-at="2019-11-23T21:31:51 CST" data-provider="dp" finished-at="2019-11-23T21:31:52 CST">
          <params>
            <param index="0">
              <value>
                <![CDATA[49]]>
              </value>
            </param>
            <param index="1">
              <value>
                <![CDATA[checkpoint]]>
              </value>
            </param>
            <param index="2">
              <value>
                <![CDATA[xpath]]>
              </value>
            </param>
            <param index="3">
              <value>
                <![CDATA[//*[@fieldid="tips-window"]//*[text()="停用成功"]]]>
              </value>
            </param>
            <param index="4">
              <value>
                <![CDATA[停用成功]]>
              </value>
            </param>
            <param index="5">
              <value>
                <![CDATA[]]>
              </value>
            </param>
            <param index="6">
              <value>
                <![CDATA[设置检查点]]>
              </value>
            </param>
            <param index="7">
              <value>
                <![CDATA[fail]]>
              </value>
            </param>
          </params>
          <reporter-output>
          </reporter-output>
        </test-method> <!-- run -->
        <test-method status="PASS" signature="run(int, java.lang.String, java.lang.String, java.lang.String, java.lang.String, java.lang.String, java.lang.String, java.lang.String)[pri:0, instance:com.yonyou.service.TestCaseService@79924b]" name="run" duration-ms="15" started-at="2019-11-23T21:31:52 CST" data-provider="dp" finished-at="2019-11-23T21:31:52 CST">
          <params>
            <param index="0">
              <value>
                <![CDATA[50]]>
              </value>
            </param>
            <param index="1">
              <value>
                <![CDATA[wait]]>
              </value>
            </param>
            <param index="2">
              <value>
                <![CDATA[xpath]]>
              </value>
            </param>
            <param index="3">
              <value>
                <![CDATA[//*[@fieldid="list_head_table"]//*[contains(@class,"table-body")]//table//tr//*[@fieldid="enablestate"]//*[contains(@class,"u-switch")]]]>
              </value>
            </param>
            <param index="4">
              <value>
                <![CDATA[]]>
              </value>
            </param>
            <param index="5">
              <value>
                <![CDATA[]]>
              </value>
            </param>
            <param index="6">
              <value>
                <![CDATA[等待]]>
              </value>
            </param>
            <param index="7">
              <value>
                <![CDATA[fail]]>
              </value>
            </param>
          </params>
          <reporter-output>
          </reporter-output>
        </test-method> <!-- run -->
        <test-method status="PASS" signature="run(int, java.lang.String, java.lang.String, java.lang.String, java.lang.String, java.lang.String, java.lang.String, java.lang.String)[pri:0, instance:com.yonyou.service.TestCaseService@79924b]" name="run" duration-ms="2048" started-at="2019-11-23T21:31:52 CST" data-provider="dp" finished-at="2019-11-23T21:31:54 CST">
          <params>
            <param index="0">
              <value>
                <![CDATA[51]]>
              </value>
            </param>
            <param index="1">
              <value>
                <![CDATA[click]]>
              </value>
            </param>
            <param index="2">
              <value>
                <![CDATA[xpath]]>
              </value>
            </param>
[...]
                <![CDATA[xpath]]>
              </value>
            </param>
            <param index="3">
              <value>
                <![CDATA[//*[@fieldid="变动原因_top-area"]//*[contains(@class,"icon-luzhi1")]]]>
              </value>
            </param>
            <param index="4">
              <value>
                <![CDATA[]]>
              </value>
            </param>
            <param index="5">
              <value>
                <![CDATA[]]>
              </value>
            </param>
            <param index="6">
              <value>
                <![CDATA[]]>
              </value>
            </param>
            <param index="7">
              <value>
                <![CDATA[fail]]>
              </value>
            </param>
          </params>
          <reporter-output>
          </reporter-output>
        </test-method> <!-- run -->
        <test-method status="PASS" signature="run(int, java.lang.String, java.lang.String, java.lang.String, java.lang.String, java.lang.String, java.lang.String, java.lang.String)[pri:0, instance:com.yonyou.service.TestCaseService@79924b]" name="run" duration-ms="2014" started-at="2019-11-23T21:35:50 CST" data-provider="dp" finished-at="2019-11-23T21:35:52 CST">
          <params>
            <param index="0">
              <value>
                <![CDATA[199]]>
              </value>
            </param>
            <param index="1">
              <value>
                <![CDATA[switch]]>
              </value>
            </param>
            <param index="2">
              <value>
                <![CDATA[xpath]]>
              </value>
            </param>
            <param index="3">
              <value>
                <![CDATA[//iframe[@fieldid="main_iframe"]]]>
              </value>
            </param>
            <param index="4">
              <value>
                <![CDATA[]]>
              </value>
            </param>
            <param index="5">
              <value>
                <![CDATA[]]>
              </value>
            </param>
            <param index="6">
              <value>
                <![CDATA[进入框架内]]>
              </value>
            </param>
            <param index="7">
              <value>
                <![CDATA[fail]]>
              </value>
            </param>
          </params>
          <reporter-output>
          </reporter-output>
        </test-method> <!-- run -->
        <test-method status="PASS" signature="run(int, java.lang.String, java.lang.String, java.lang.String, java.lang.String, java.lang.String, java.lang.String, java.lang.String)[pri:0, instance:com.yonyou.service.TestCaseService@79924b]" name="run" duration-ms="14" started-at="2019-11-23T21:35:52 CST" data-provider="dp" finished-at="2019-11-23T21:35:52 CST">
          <params>
            <param index="0">
              <value>
                <![CDATA[200]]>
              </value>
            </param>
            <param index="1">
              <value>
                <![CDATA[wait]]>
              </value>
            </param>
            <param index="2">
              <value>
                <![CDATA[xpath]]>
              </value>
            </param>
            <param index="3">
              <value>
                <![CDATA[//*[@fieldid="tips-window"]//*[@fieldid="confirm_btn"]//*[text()="Y"]]]>
              </value>
            </param>
            <param index="4">
              <value>
                <![CDATA[]]>
              </value>
            </param>
            <param index="5">
              <value>
                <![CDATA[]]>
              </value>
            </param>
            <param index="6">
              <value>
                <![CDATA[等待]]>
              </value>
            </param>
            <param index="7">
              <value>
                <![CDATA[fail]]>
              </value>
            </param>
          </params>
          <reporter-output>
          </reporter-output>
        </test-method> <!-- run -->
        <test-method status="PASS" signature="run(int, java.lang.String, java.lang.String, java.lang.String, java.lang.String, java.lang.String, java.lang.String, java.lang.String)[pri:0, instance:com.yonyou.service.TestCaseService@79924b]" name="run" duration-ms="2072" started-at="2019-11-23T21:35:52 CST" data-provider="dp" finished-at="2019-11-23T21:35:54 CST">
          <params>
            <param index="0">
              <value>
                <![CDATA[201]]>
              </value>
            </param>
            <param index="1">
              <value>
                <![CDATA[click]]>
              </value>
            </param>
            <param index="2">
              <value>
                <![CDATA[xpath]]>
              </value>
            </param>
            <param index="3">
              <value>
                <![CDATA[//*[@fieldid="tips-window"]//*[@fieldid="confirm_btn"]//*[text()="Y"]]]>
              </value>
            </param>
            <param index="4">
              <value>
                <![CDATA[]]>
              </value>
            </param>
            <param index="5">
              <value>
                <![CDATA[]]>
              </value>
            </param>
            <param index="6">
              <value>
                <![CDATA[点击节点-Y]]>
              </value>
            </param>
            <param index="7">
              <value>
                <![CDATA[fail]]>
              </value>
            </param>
          </params>
          <reporter-output>
          </reporter-output>
        </test-method> <!-- run -->
        <test-method status="PASS" signature="run(int, java.lang.String, java.lang.String, java.lang.String, java.lang.String, java.lang.String, java.lang.String, java.lang.String)[pri:0, instance:com.yonyou.service.TestCaseService@79924b]" name="run" duration-ms="526" started-at="2019-11-23T21:35:54 CST" data-provider="dp" finished-at="2019-11-23T21:35:54 CST">
          <params>
            <param index="0">
              <value>
                <![CDATA[202]]>
              </value>
            </param>
            <param index="1">
              <value>
                <![CDATA[wait]]>
              </value>
            </param>
            <param index="2">
              <value>
                <![CDATA[xpath]]>
              </value>
            </param>
            <param index="3">
              <value>
                <![CDATA[//*[@fieldid="tips-window"]//*[text()="删除成功"]]]>
              </value>
            </param>
            <param index="4">
              <value>
                <![CDATA[]]>
              </value>
            </param>
            <param index="5">
              <value>
                <![CDATA[]]>
              </value>
            </param>
            <param index="6">
              <value>
                <![CDATA[等待]]>
              </value>
            </param>
            <param index="7">
              <value>
                <![CDATA[fail]]>
              </value>
            </param>
          </params>
          <reporter-output>
          </reporter-output>
        </test-method> <!-- run -->
        <test-method status="PASS" signature="run(int, java.lang.String, java.lang.String, java.lang.String, java.lang.String, java.lang.String, java.lang.String, java.lang.String)[pri:0, instance:com.yonyou.service.TestCaseService@79924b]" name="run" duration-ms="1013" started-at="2019-11-23T21:35:54 CST" data-provider="dp" finished-at="2019-11-23T21:35:55 CST">
          <params>
            <param index="0">
              <value>
                <![CDATA[203]]>
              </value>
            </param>
            <param index="1">
              <value>
                <![CDATA[checkpoint]]>
              </value>
            </param>
            <param index="2">
              <value>
                <![CDATA[xpath]]>
              </value>
            </param>
            <param index="3">
              <value>
                <![CDATA[//*[@fieldid="tips-window"]//*[text()="删除成功"]]]>
              </value>
            </param>
            <param index="4">
              <value>
                <![CDATA[删除成功]]>
              </value>
            </param>
            <param index="5">
              <value>
                <![CDATA[]]>
              </value>
            </param>
            <param index="6">
              <value>
                <![CDATA[设置检查点]]>
              </value>
            </param>
            <param index="7">
              <value>
                <![CDATA[fail]]>
              </value>
            </param>
          </params>
          <reporter-output>
          </reporter-output>
        </test-method> <!-- run -->
        <test-method status="PASS" signature="run(int, java.lang.String, java.lang.String, java.lang.String, java.lang.String, java.lang.String, java.lang.String, java.lang.String)[pri:0, instance:com.yonyou.service.TestCaseService@79924b]" name="run" duration-ms="2031" started-at="2019-11-23T21:35:55 CST" data-provider="dp" finished-at="2019-11-23T21:35:57 CST">
          <params>
            <param index="0">
              <value>
                <![CDATA[204]]>
              </value>
            </param>
            <param index="1">
              <value>
                <![CDATA[switch]]>
              </value>
            </param>
            <param index="2">
              <value>
                <![CDATA[]]>
              </value>
            </param>
            <param index="3">
              <value>
                <![CDATA[]]>
              </value>
            </param>
            <param index="4">
              <value>
                <![CDATA[title:变动原因]]>
              </value>
            </param>
            <param index="5">
              <value>
                <![CDATA[]]>
              </value>
            </param>
            <param index="6">
              <value>
                <![CDATA[转换窗口：变动原因]]>
              </value>
            </param>
            <param index="7">
              <value>
                <![CDATA[fail]]>
              </value>
            </param>
          </params>
          <reporter-output>
          </reporter-output>
        </test-method> <!-- run -->
        <test-method status="PASS" signature="run(int, java.lang.String, java.lang.String, java.lang.String, java.lang.String, java.lang.String, java.lang.String, java.lang.String)[pri:0, instance:com.yonyou.service.TestCaseService@79924b]" name="run" duration-ms="2066" started-at="2019-11-23T21:35:57 CST" data-provider="dp" finished-at="2019-11-23T21:35:59 CST">
          <params>
            <param index="0">
              <value>
                <![CDATA[205]]>
              </value>
            </param>
            <param index="1">
              <value>
                <![CDATA[click]]>
              </value>
            </param>
            <param index="2">
              <value>
                <![CDATA[xpath]]>
              </value>
            </param>
            <param index="3">
              <value>
                <![CDATA[//*[@id="app"]/div/div[1]/nav/div[2]/div/div[1]/div[3]/div/div/img]]>
              </value>
            </param>
            <param index="4">
              <value>
                <![CDATA[]]>
              </value>
            </param>
            <param index="5">
              <value>
                <![CDATA[]]>
              </value>
            </param>
            <param index="6">
              <value>
                <![CDATA[]]>
              </value>
            </param>
            <param index="7">
              <value>
                <![CDATA[fail]]>
              </value>
            </param>
          </params>
          <reporter-output>
          </reporter-output>
        </test-method> <!-- run -->
        <test-method status="PASS" signature="run(int, java.lang.String, java.lang.String, java.lang.String, java.lang.String, java.lang.String, java.lang.String, java.lang.String)[pri:0, instance:com.yonyou.service.TestCaseService@79924b]" name="run" duration-ms="6062" started-at="2019-11-23T21:35:59 CST" data-provider="dp" finished-at="2019-11-23T21:36:05 CST">
          <params>
            <param index="0">
              <value>
                <![CDATA[206]]>
              </value>
            </param>
            <param index="1">
              <value>
                <![CDATA[switch]]>
              </value>
            </param>
            <param index="2">
              <value>
                <![CDATA[]]>
              </value>
            </param>
            <param index="3">
              <value>
                <![CDATA[]]>
              </value>
            </param>
            <param index="4">
              <value>
                <![CDATA[title:SPR-变动原因-Y]]>
              </value>
            </param>
            <param index="5">
              <value>
                <![CDATA[]]>
              </value>
            </param>
            <param index="6">
              <value>
                <![CDATA[转换窗口：变动原因]]>
              </value>
            </param>
            <param index="7">
              <value>
                <![CDATA[fail]]>
              </value>
            </param>
          </params>
          <reporter-output>
          </reporter-output>
        </test-method> <!-- run -->
        <test-method status="PASS" signature="run(int, java.lang.String, java.lang.String, java.lang.String, java.lang.String, java.lang.String, java.lang.String, java.lang.String)[pri:0, instance:com.yonyou.service.TestCaseService@79924b]" name="run" duration-ms="75" started-at="2019-11-23T21:36:05 CST" data-provider="dp" finished-at="2019-11-23T21:36:05 CST">
          <params>
            <param index="0">
              <value>
                <![CDATA[207]]>
              </value>
            </param>
            <param index="1">
              <value>
                <![CDATA[write]]>
              </value>
            </param>
            <param index="2">
              <value>
                <![CDATA[]]>
              </value>
            </param>
            <param index="3">
              <value>
                <![CDATA[]]>
              </value>
            </param>
            <param index="4">
              <value>
                <![CDATA[变动原因删除]]>
              </value>
            </param>
            <param index="5">
              <value>
                <![CDATA[]]>
              </value>
            </param>
            <param index="6">
              <value>
                <![CDATA[]]>
              </value>
            </param>
            <param index="7">
              <value>
                <![CDATA[fail]]>
              </value>
            </param>
          </params>
          <reporter-output>
          </reporter-output>
        </test-method> <!-- run -->
        <test-method status="PASS" signature="run(int, java.lang.String, java.lang.String, java.lang.String, java.lang.String, java.lang.String, java.lang.String, java.lang.String)[pri:0, instance:com.yonyou.service.TestCaseService@79924b]" name="run" duration-ms="2029" started-at="2019-11-23T21:36:05 CST" data-provider="dp" finished-at="2019-11-23T21:36:07 CST">
          <params>
            <param index="0">
              <value>
                <![CDATA[208]]>
              </value>
            </param>
            <param index="1">
              <value>
                <![CDATA[switch]]>
              </value>
            </param>
            <param index="2">
              <value>
                <![CDATA[]]>
              </value>
            </param>
            <param index="3">
              <value>
                <![CDATA[]]>
              </value>
            </param>
            <param index="4">
              <value>
                <![CDATA[title:变动原因]]>
              </value>
            </param>
            <param index="5">
              <value>
                <![CDATA[]]>
              </value>
            </param>
            <param index="6">
              <value>
                <![CDATA[转换窗口：变动原因]]>
              </value>
            </param>
            <param index="7">
              <value>
                <![CDATA[fail]]>
              </value>
            </param>
          </params>
          <reporter-output>
          </reporter-output>
        </test-method> <!-- run -->
        <test-method status="PASS" signature="run(int, java.lang.String, java.lang.String, java.lang.String, java.lang.String, java.lang.String, java.lang.String, java.lang.String)[pri:0, instance:com.yonyou.service.TestCaseService@79924b]" name="run" duration-ms="2027" started-at="2019-11-23T21:36:07 CST" data-provider="dp" finished-at="2019-11-23T21:36:09 CST">
          <params>
            <param index="0">
              <value>
                <![CDATA[209]]>
              </value>
            </param>
            <param index="1">
              <value>
                <![CDATA[switch]]>
              </value>
            </param>
            <param index="2">
              <value>
                <![CDATA[xpath]]>
              </value>
            </param>
            <param index="3">
              <value>
                <![CDATA[//iframe[@fieldid="main_iframe"]]]>
              </value>
            </param>
            <param index="4">
              <value>
                <![CDATA[]]>
              </value>
            </param>
            <param index="5">
              <value>
                <![CDATA[]]>
              </value>
            </param>
            <param index="6">
              <value>
                <![CDATA[进入框架内]]>
              </value>
            </param>
            <param index="7">
              <value>
                <![CDATA[fail]]>
              </value>
            </param>
          </params>
          <reporter-output>
          </reporter-output>
        </test-method> <!-- run -->
        <test-method status="PASS" signature="run(int, java.lang.String, java.lang.String, java.lang.String, java.lang.String, java.lang.String, java.lang.String, java.lang.String)[pri:0, instance:com.yonyou.service.TestCaseService@79924b]" name="run" duration-ms="617" started-at="2019-11-23T21:36:09 CST" data-provider="dp" finished-at="2019-11-23T21:36:10 CST">
          <params>
            <param index="0">
              <value>
                <![CDATA[210]]>
              </value>
            </param>
            <param index="1">
              <value>
                <![CDATA[quit]]>
              </value>
            </param>
            <param index="2">
              <value>
                <![CDATA[]]>
              </value>
            </param>
            <param index="3">
              <value>
                <![CDATA[]]>
              </value>
            </param>
            <param index="4">
              <value>
                <![CDATA[]]>
              </value>
            </param>
            <param index="5">
              <value>
                <![CDATA[]]>
              </value>
            </param>
            <param index="6">
              <value>
                <![CDATA[]]>
              </value>
            </param>
            <param index="7">
              <value>
                <![CDATA[fail]]>
              </value>
            </param>
          </params>
          <reporter-output>
          </reporter-output>
        </test-method> <!-- run -->
        <test-method status="PASS" signature="ExportRep()[pri:0, instance:com.yonyou.service.TestCaseService@79924b]" name="ExportRep" is-config="true" duration-ms="472" started-at="2019-11-23T21:36:10 CST" finished-at="2019-11-23T21:36:11 CST">
          <reporter-output>
          </reporter-output>
        </test-method> <!-- ExportRep -->
      </class> <!-- com.yonyou.service.TestCaseService -->
    </test> <!-- Default test -->
  </suite> <!-- Default suite -->
</testng-results>
